<?xml version="1.0" encoding="UTF-8"?>
<!-- Generated by org.testng.reporters.JUnitXMLReporter -->
<testsuite hostname="DESKTOP-NTDIJGK" ignored="0" name="Default test" tests="6" failures="0" timestamp="2020-06-18T19:10:30 ICT" time="18.067" errors="0">
  <testcase name="CAT05" time="0.759" classname="poly.test.Category"/>
  <testcase name="CAT07" time="1.597" classname="poly.test.Category"/>
  <testcase name="CAT06" time="1.218" classname="poly.test.Category"/>
  <testcase name="CAT08" time="1.113" classname="poly.test.Category"/>
  <testcase name="CAT09" time="0.742" classname="poly.test.Category"/>
  <testcase name="CAT04" time="0.817" classname="poly.test.Category"/>
</testsuite> <!-- Default test -->
