<?xml version="1.0" encoding="UTF-8"?>
<testng-results skipped="0" failed="4" ignored="0" total="30" passed="26">
  <reporter-output>
  </reporter-output>
  <suite name="example suite 1" duration-ms="81742" started-at="2020-06-18T19:13:03 ICT" finished-at="2020-06-18T19:14:25 ICT">
    <groups>
    </groups>
    <test name="Regression suite 1" duration-ms="81742" started-at="2020-06-18T19:13:03 ICT" finished-at="2020-06-18T19:14:25 ICT">
      <class name="poly.test.Product">
        <test-method status="PASS" signature="launchBrowser()[pri:0, instance:poly.test.Product@1372ed45]" name="launchBrowser" is-config="true" duration-ms="8423" started-at="2020-06-18T19:13:25 ICT" finished-at="2020-06-18T19:13:33 ICT">
          <reporter-output>
          </reporter-output>
        </test-method> <!-- launchBrowser -->
        <test-method status="PASS" signature="PRO06()[pri:0, instance:poly.test.Product@1372ed45]" name="PRO06" duration-ms="854" started-at="2020-06-18T19:14:06 ICT" finished-at="2020-06-18T19:14:07 ICT">
          <reporter-output>
          </reporter-output>
        </test-method> <!-- PRO06 -->
        <test-method status="PASS" signature="PRO10()[pri:0, instance:poly.test.Product@1372ed45]" name="PRO10" duration-ms="1598" started-at="2020-06-18T19:14:07 ICT" finished-at="2020-06-18T19:14:09 ICT">
          <reporter-output>
          </reporter-output>
        </test-method> <!-- PRO10 -->
        <test-method status="PASS" signature="PRO12()[pri:1, instance:poly.test.Product@1372ed45]" name="PRO12" duration-ms="1798" started-at="2020-06-18T19:14:09 ICT" finished-at="2020-06-18T19:14:10 ICT">
          <reporter-output>
          </reporter-output>
        </test-method> <!-- PRO12 -->
        <test-method status="FAIL" signature="PRO14()[pri:2, instance:poly.test.Product@1372ed45]" name="PRO14" duration-ms="1684" started-at="2020-06-18T19:14:10 ICT" finished-at="2020-06-18T19:14:12 ICT">
          <exception class="java.lang.AssertionError">
            <message>
              <![CDATA[expected [tuong1] but found [cam ep11]]]>
            </message>
            <full-stacktrace>
              <![CDATA[java.lang.AssertionError: expected [tuong1] but found [cam ep11]
at org.testng.Assert.fail(Assert.java:97)
at org.testng.Assert.assertEqualsImpl(Assert.java:136)
at org.testng.Assert.assertEquals(Assert.java:118)
at org.testng.Assert.assertEquals(Assert.java:575)
at org.testng.Assert.assertEquals(Assert.java:585)
at poly.test.Product.PRO14(Product.java:94)
at sun.reflect.NativeMethodAccessorImpl.invoke0(Native Method)
at sun.reflect.NativeMethodAccessorImpl.invoke(Unknown Source)
at sun.reflect.DelegatingMethodAccessorImpl.invoke(Unknown Source)
at java.lang.reflect.Method.invoke(Unknown Source)
at org.testng.internal.MethodInvocationHelper.invokeMethod(MethodInvocationHelper.java:135)
at org.testng.internal.TestInvoker.invokeMethod(TestInvoker.java:598)
at org.testng.internal.TestInvoker.invokeTestMethod(TestInvoker.java:174)
at org.testng.internal.MethodRunner.runInSequence(MethodRunner.java:46)
at org.testng.internal.TestInvoker$MethodInvocationAgent.invoke(TestInvoker.java:821)
at org.testng.internal.TestInvoker.invokeTestMethods(TestInvoker.java:147)
at org.testng.internal.TestMethodWorker.invokeTestMethods(TestMethodWorker.java:146)
at org.testng.internal.TestMethodWorker.run(TestMethodWorker.java:128)
at java.util.ArrayList.forEach(Unknown Source)
at org.testng.TestRunner.privateRun(TestRunner.java:767)
at org.testng.TestRunner.run(TestRunner.java:588)
at org.testng.SuiteRunner.runTest(SuiteRunner.java:384)
at org.testng.SuiteRunner.runSequentially(SuiteRunner.java:378)
at org.testng.SuiteRunner.privateRun(SuiteRunner.java:337)
at org.testng.SuiteRunner.run(SuiteRunner.java:286)
at org.testng.SuiteRunnerWorker.runSuite(SuiteRunnerWorker.java:53)
at org.testng.SuiteRunnerWorker.run(SuiteRunnerWorker.java:96)
at org.testng.TestNG.runSuitesSequentially(TestNG.java:1214)
at org.testng.TestNG.runSuitesLocally(TestNG.java:1136)
at org.testng.TestNG.runSuites(TestNG.java:1066)
at org.testng.TestNG.run(TestNG.java:1034)
at org.testng.remote.AbstractRemoteTestNG.run(AbstractRemoteTestNG.java:115)
at org.testng.remote.RemoteTestNG.initAndRun(RemoteTestNG.java:251)
at org.testng.remote.RemoteTestNG.main(RemoteTestNG.java:77)
]]>
            </full-stacktrace>
          </exception> <!-- java.lang.AssertionError -->
          <reporter-output>
          </reporter-output>
        </test-method> <!-- PRO14 -->
        <test-method status="FAIL" signature="SALE08()[pri:3, instance:poly.test.Product@1372ed45]" name="SALE08" duration-ms="746" started-at="2020-06-18T19:14:12 ICT" finished-at="2020-06-18T19:14:13 ICT">
          <exception class="java.lang.AssertionError">
            <message>
              <![CDATA[expected [16] but found [2]]]>
            </message>
            <full-stacktrace>
              <![CDATA[java.lang.AssertionError: expected [16] but found [2]
at org.testng.Assert.fail(Assert.java:97)
at org.testng.Assert.assertEqualsImpl(Assert.java:136)
at org.testng.Assert.assertEquals(Assert.java:118)
at org.testng.Assert.assertEquals(Assert.java:839)
at org.testng.Assert.assertEquals(Assert.java:849)
at poly.test.Product.SALE08(Product.java:105)
at sun.reflect.NativeMethodAccessorImpl.invoke0(Native Method)
at sun.reflect.NativeMethodAccessorImpl.invoke(Unknown Source)
at sun.reflect.DelegatingMethodAccessorImpl.invoke(Unknown Source)
at java.lang.reflect.Method.invoke(Unknown Source)
at org.testng.internal.MethodInvocationHelper.invokeMethod(MethodInvocationHelper.java:135)
at org.testng.internal.TestInvoker.invokeMethod(TestInvoker.java:598)
at org.testng.internal.TestInvoker.invokeTestMethod(TestInvoker.java:174)
at org.testng.internal.MethodRunner.runInSequence(MethodRunner.java:46)
at org.testng.internal.TestInvoker$MethodInvocationAgent.invoke(TestInvoker.java:821)
at org.testng.internal.TestInvoker.invokeTestMethods(TestInvoker.java:147)
at org.testng.internal.TestMethodWorker.invokeTestMethods(TestMethodWorker.java:146)
at org.testng.internal.TestMethodWorker.run(TestMethodWorker.java:128)
at java.util.ArrayList.forEach(Unknown Source)
at org.testng.TestRunner.privateRun(TestRunner.java:767)
at org.testng.TestRunner.run(TestRunner.java:588)
at org.testng.SuiteRunner.runTest(SuiteRunner.java:384)
at org.testng.SuiteRunner.runSequentially(SuiteRunner.java:378)
at org.testng.SuiteRunner.privateRun(SuiteRunner.java:337)
at org.testng.SuiteRunner.run(SuiteRunner.java:286)
at org.testng.SuiteRunnerWorker.runSuite(SuiteRunnerWorker.java:53)
at org.testng.SuiteRunnerWorker.run(SuiteRunnerWorker.java:96)
at org.testng.TestNG.runSuitesSequentially(TestNG.java:1214)
at org.testng.TestNG.runSuitesLocally(TestNG.java:1136)
at org.testng.TestNG.runSuites(TestNG.java:1066)
at org.testng.TestNG.run(TestNG.java:1034)
at org.testng.remote.AbstractRemoteTestNG.run(AbstractRemoteTestNG.java:115)
at org.testng.remote.RemoteTestNG.initAndRun(RemoteTestNG.java:251)
at org.testng.remote.RemoteTestNG.main(RemoteTestNG.java:77)
]]>
            </full-stacktrace>
          </exception> <!-- java.lang.AssertionError -->
          <reporter-output>
          </reporter-output>
        </test-method> <!-- SALE08 -->
        <test-method status="PASS" signature="PRO05()[pri:4, instance:poly.test.Product@1372ed45]" name="PRO05" duration-ms="801" started-at="2020-06-18T19:14:13 ICT" finished-at="2020-06-18T19:14:14 ICT">
          <reporter-output>
          </reporter-output>
        </test-method> <!-- PRO05 -->
        <test-method status="PASS" signature="terminateBrowser()[pri:0, instance:poly.test.Product@1372ed45]" name="terminateBrowser" is-config="true" duration-ms="185" started-at="2020-06-18T19:14:24 ICT" finished-at="2020-06-18T19:14:24 ICT">
          <reporter-output>
          </reporter-output>
        </test-method> <!-- terminateBrowser -->
      </class> <!-- poly.test.Product -->
      <class name="poly.test.Sale">
        <test-method status="PASS" signature="launchBrowser()[pri:0, instance:poly.test.Sale@6a79c292]" name="launchBrowser" is-config="true" duration-ms="9493" started-at="2020-06-18T19:13:33 ICT" finished-at="2020-06-18T19:13:43 ICT">
          <reporter-output>
          </reporter-output>
        </test-method> <!-- launchBrowser -->
        <test-method status="PASS" signature="ACC05()[pri:0, instance:poly.test.Sale@6a79c292]" name="ACC05" duration-ms="868" started-at="2020-06-18T19:14:14 ICT" finished-at="2020-06-18T19:14:14 ICT">
          <reporter-output>
          </reporter-output>
        </test-method> <!-- ACC05 -->
        <test-method status="PASS" signature="SALE06()[pri:1, instance:poly.test.Sale@6a79c292]" name="SALE06" duration-ms="1977" started-at="2020-06-18T19:14:14 ICT" finished-at="2020-06-18T19:14:16 ICT">
          <reporter-output>
          </reporter-output>
        </test-method> <!-- SALE06 -->
        <test-method status="PASS" signature="SALE07()[pri:2, instance:poly.test.Sale@6a79c292]" name="SALE07" duration-ms="1570" started-at="2020-06-18T19:14:16 ICT" finished-at="2020-06-18T19:14:18 ICT">
          <reporter-output>
          </reporter-output>
        </test-method> <!-- SALE07 -->
        <test-method status="PASS" signature="SALE08()[pri:3, instance:poly.test.Sale@6a79c292]" name="SALE08" duration-ms="883" started-at="2020-06-18T19:14:18 ICT" finished-at="2020-06-18T19:14:19 ICT">
          <reporter-output>
          </reporter-output>
        </test-method> <!-- SALE08 -->
        <test-method status="PASS" signature="CAT04()[pri:4, instance:poly.test.Sale@6a79c292]" name="CAT04" duration-ms="838" started-at="2020-06-18T19:14:19 ICT" finished-at="2020-06-18T19:14:20 ICT">
          <reporter-output>
          </reporter-output>
        </test-method> <!-- CAT04 -->
        <test-method status="PASS" signature="terminateBrowser()[pri:0, instance:poly.test.Sale@6a79c292]" name="terminateBrowser" is-config="true" duration-ms="162" started-at="2020-06-18T19:14:24 ICT" finished-at="2020-06-18T19:14:25 ICT">
          <reporter-output>
          </reporter-output>
        </test-method> <!-- terminateBrowser -->
      </class> <!-- poly.test.Sale -->
      <class name="poly.test.Category">
        <test-method status="PASS" signature="launchBrowser()[pri:0, instance:poly.test.Category@4ba2ca36]" name="launchBrowser" is-config="true" duration-ms="8535" started-at="2020-06-18T19:13:12 ICT" finished-at="2020-06-18T19:13:21 ICT">
          <reporter-output>
          </reporter-output>
        </test-method> <!-- launchBrowser -->
        <test-method status="PASS" signature="CAT05()[pri:0, instance:poly.test.Category@4ba2ca36]" name="CAT05" duration-ms="885" started-at="2020-06-18T19:13:50 ICT" finished-at="2020-06-18T19:13:51 ICT">
          <reporter-output>
          </reporter-output>
        </test-method> <!-- CAT05 -->
        <test-method status="PASS" signature="CAT07()[pri:0, instance:poly.test.Category@4ba2ca36]" name="CAT07" duration-ms="995" started-at="2020-06-18T19:13:51 ICT" finished-at="2020-06-18T19:13:52 ICT">
          <reporter-output>
          </reporter-output>
        </test-method> <!-- CAT07 -->
        <test-method status="PASS" signature="CAT06()[pri:1, instance:poly.test.Category@4ba2ca36]" name="CAT06" duration-ms="1111" started-at="2020-06-18T19:13:52 ICT" finished-at="2020-06-18T19:13:53 ICT">
          <reporter-output>
          </reporter-output>
        </test-method> <!-- CAT06 -->
        <test-method status="PASS" signature="CAT08()[pri:2, instance:poly.test.Category@4ba2ca36]" name="CAT08" duration-ms="901" started-at="2020-06-18T19:13:53 ICT" finished-at="2020-06-18T19:13:54 ICT">
          <reporter-output>
          </reporter-output>
        </test-method> <!-- CAT08 -->
        <test-method status="PASS" signature="CAT09()[pri:3, instance:poly.test.Category@4ba2ca36]" name="CAT09" duration-ms="858" started-at="2020-06-18T19:13:54 ICT" finished-at="2020-06-18T19:13:55 ICT">
          <reporter-output>
          </reporter-output>
        </test-method> <!-- CAT09 -->
        <test-method status="PASS" signature="CAT04()[pri:4, instance:poly.test.Category@4ba2ca36]" name="CAT04" duration-ms="953" started-at="2020-06-18T19:13:55 ICT" finished-at="2020-06-18T19:13:55 ICT">
          <reporter-output>
          </reporter-output>
        </test-method> <!-- CAT04 -->
        <test-method status="PASS" signature="terminateBrowser()[pri:0, instance:poly.test.Category@4ba2ca36]" name="terminateBrowser" is-config="true" duration-ms="147" started-at="2020-06-18T19:14:24 ICT" finished-at="2020-06-18T19:14:24 ICT">
          <reporter-output>
          </reporter-output>
        </test-method> <!-- terminateBrowser -->
      </class> <!-- poly.test.Category -->
      <class name="poly.test.Login">
        <test-method status="PASS" signature="launchBrowser()[pri:0, instance:poly.test.Login@3444d69d]" name="launchBrowser" is-config="true" duration-ms="4118" started-at="2020-06-18T19:13:21 ICT" finished-at="2020-06-18T19:13:25 ICT">
          <reporter-output>
          </reporter-output>
        </test-method> <!-- launchBrowser -->
        <test-method status="PASS" signature="LOG05()[pri:1, instance:poly.test.Login@3444d69d]" name="LOG05" duration-ms="4563" started-at="2020-06-18T19:13:55 ICT" finished-at="2020-06-18T19:14:00 ICT">
          <reporter-output>
          </reporter-output>
        </test-method> <!-- LOG05 -->
        <test-method status="PASS" signature="LOG06()[pri:1, instance:poly.test.Login@3444d69d]" name="LOG06" duration-ms="1456" started-at="2020-06-18T19:14:00 ICT" finished-at="2020-06-18T19:14:01 ICT">
          <reporter-output>
          </reporter-output>
        </test-method> <!-- LOG06 -->
        <test-method status="PASS" signature="LOG07()[pri:1, instance:poly.test.Login@3444d69d]" name="LOG07" duration-ms="1542" started-at="2020-06-18T19:14:01 ICT" finished-at="2020-06-18T19:14:03 ICT">
          <reporter-output>
          </reporter-output>
        </test-method> <!-- LOG07 -->
        <test-method status="PASS" signature="LOG08()[pri:1, instance:poly.test.Login@3444d69d]" name="LOG08" duration-ms="286" started-at="2020-06-18T19:14:03 ICT" finished-at="2020-06-18T19:14:03 ICT">
          <reporter-output>
          </reporter-output>
        </test-method> <!-- LOG08 -->
        <test-method status="PASS" signature="LOG09()[pri:1, instance:poly.test.Login@3444d69d]" name="LOG09" duration-ms="1526" started-at="2020-06-18T19:14:03 ICT" finished-at="2020-06-18T19:14:05 ICT">
          <reporter-output>
          </reporter-output>
        </test-method> <!-- LOG09 -->
        <test-method status="FAIL" signature="LOG01()[pri:2, instance:poly.test.Login@3444d69d]" name="LOG01" duration-ms="1157" started-at="2020-06-18T19:14:05 ICT" finished-at="2020-06-18T19:14:06 ICT">
          <exception class="java.lang.AssertionError">
            <message>
              <![CDATA[expected [404 HTML Template by Colorlib] but found [HTTP Status 500 – Internal Server Error]]]>
            </message>
            <full-stacktrace>
              <![CDATA[java.lang.AssertionError: expected [404 HTML Template by Colorlib] but found [HTTP Status 500 – Internal Server Error]
at org.testng.Assert.fail(Assert.java:97)
at org.testng.Assert.assertEqualsImpl(Assert.java:136)
at org.testng.Assert.assertEquals(Assert.java:118)
at org.testng.Assert.assertEquals(Assert.java:575)
at org.testng.Assert.assertEquals(Assert.java:585)
at poly.test.Login.LOG01(Login.java:31)
at sun.reflect.NativeMethodAccessorImpl.invoke0(Native Method)
at sun.reflect.NativeMethodAccessorImpl.invoke(Unknown Source)
at sun.reflect.DelegatingMethodAccessorImpl.invoke(Unknown Source)
at java.lang.reflect.Method.invoke(Unknown Source)
at org.testng.internal.MethodInvocationHelper.invokeMethod(MethodInvocationHelper.java:135)
at org.testng.internal.TestInvoker.invokeMethod(TestInvoker.java:598)
at org.testng.internal.TestInvoker.invokeTestMethod(TestInvoker.java:174)
at org.testng.internal.MethodRunner.runInSequence(MethodRunner.java:46)
at org.testng.internal.TestInvoker$MethodInvocationAgent.invoke(TestInvoker.java:821)
at org.testng.internal.TestInvoker.invokeTestMethods(TestInvoker.java:147)
at org.testng.internal.TestMethodWorker.invokeTestMethods(TestMethodWorker.java:146)
at org.testng.internal.TestMethodWorker.run(TestMethodWorker.java:128)
at java.util.ArrayList.forEach(Unknown Source)
at org.testng.TestRunner.privateRun(TestRunner.java:767)
at org.testng.TestRunner.run(TestRunner.java:588)
at org.testng.SuiteRunner.runTest(SuiteRunner.java:384)
at org.testng.SuiteRunner.runSequentially(SuiteRunner.java:378)
at org.testng.SuiteRunner.privateRun(SuiteRunner.java:337)
at org.testng.SuiteRunner.run(SuiteRunner.java:286)
at org.testng.SuiteRunnerWorker.runSuite(SuiteRunnerWorker.java:53)
at org.testng.SuiteRunnerWorker.run(SuiteRunnerWorker.java:96)
at org.testng.TestNG.runSuitesSequentially(TestNG.java:1214)
at org.testng.TestNG.runSuitesLocally(TestNG.java:1136)
at org.testng.TestNG.runSuites(TestNG.java:1066)
at org.testng.TestNG.run(TestNG.java:1034)
at org.testng.remote.AbstractRemoteTestNG.run(AbstractRemoteTestNG.java:115)
at org.testng.remote.RemoteTestNG.initAndRun(RemoteTestNG.java:251)
at org.testng.remote.RemoteTestNG.main(RemoteTestNG.java:77)
]]>
            </full-stacktrace>
          </exception> <!-- java.lang.AssertionError -->
          <reporter-output>
          </reporter-output>
        </test-method> <!-- LOG01 -->
        <test-method status="FAIL" signature="LOG02()[pri:3, instance:poly.test.Login@3444d69d]" name="LOG02" duration-ms="84" started-at="2020-06-18T19:14:06 ICT" finished-at="2020-06-18T19:14:06 ICT">
          <exception class="java.lang.AssertionError">
            <message>
              <![CDATA[expected [http://localhost:8080/PS09298ASM/login.htm] but found [http://localhost:8080/PS09298ASM/index.jsp/manage/product.htm]]]>
            </message>
            <full-stacktrace>
              <![CDATA[java.lang.AssertionError: expected [http://localhost:8080/PS09298ASM/login.htm] but found [http://localhost:8080/PS09298ASM/index.jsp/manage/product.htm]
at org.testng.Assert.fail(Assert.java:97)
at org.testng.Assert.assertEqualsImpl(Assert.java:136)
at org.testng.Assert.assertEquals(Assert.java:118)
at org.testng.Assert.assertEquals(Assert.java:575)
at org.testng.Assert.assertEquals(Assert.java:585)
at poly.test.Login.LOG02(Login.java:37)
at sun.reflect.NativeMethodAccessorImpl.invoke0(Native Method)
at sun.reflect.NativeMethodAccessorImpl.invoke(Unknown Source)
at sun.reflect.DelegatingMethodAccessorImpl.invoke(Unknown Source)
at java.lang.reflect.Method.invoke(Unknown Source)
at org.testng.internal.MethodInvocationHelper.invokeMethod(MethodInvocationHelper.java:135)
at org.testng.internal.TestInvoker.invokeMethod(TestInvoker.java:598)
at org.testng.internal.TestInvoker.invokeTestMethod(TestInvoker.java:174)
at org.testng.internal.MethodRunner.runInSequence(MethodRunner.java:46)
at org.testng.internal.TestInvoker$MethodInvocationAgent.invoke(TestInvoker.java:821)
at org.testng.internal.TestInvoker.invokeTestMethods(TestInvoker.java:147)
at org.testng.internal.TestMethodWorker.invokeTestMethods(TestMethodWorker.java:146)
at org.testng.internal.TestMethodWorker.run(TestMethodWorker.java:128)
at java.util.ArrayList.forEach(Unknown Source)
at org.testng.TestRunner.privateRun(TestRunner.java:767)
at org.testng.TestRunner.run(TestRunner.java:588)
at org.testng.SuiteRunner.runTest(SuiteRunner.java:384)
at org.testng.SuiteRunner.runSequentially(SuiteRunner.java:378)
at org.testng.SuiteRunner.privateRun(SuiteRunner.java:337)
at org.testng.SuiteRunner.run(SuiteRunner.java:286)
at org.testng.SuiteRunnerWorker.runSuite(SuiteRunnerWorker.java:53)
at org.testng.SuiteRunnerWorker.run(SuiteRunnerWorker.java:96)
at org.testng.TestNG.runSuitesSequentially(TestNG.java:1214)
at org.testng.TestNG.runSuitesLocally(TestNG.java:1136)
at org.testng.TestNG.runSuites(TestNG.java:1066)
at org.testng.TestNG.run(TestNG.java:1034)
at org.testng.remote.AbstractRemoteTestNG.run(AbstractRemoteTestNG.java:115)
at org.testng.remote.RemoteTestNG.initAndRun(RemoteTestNG.java:251)
at org.testng.remote.RemoteTestNG.main(RemoteTestNG.java:77)
]]>
            </full-stacktrace>
          </exception> <!-- java.lang.AssertionError -->
          <reporter-output>
          </reporter-output>
        </test-method> <!-- LOG02 -->
        <test-method status="PASS" signature="terminateBrowser()[pri:0, instance:poly.test.Login@3444d69d]" name="terminateBrowser" is-config="true" duration-ms="149" started-at="2020-06-18T19:14:24 ICT" finished-at="2020-06-18T19:14:24 ICT">
          <reporter-output>
          </reporter-output>
        </test-method> <!-- terminateBrowser -->
      </class> <!-- poly.test.Login -->
      <class name="poly.test.Account">
        <test-method status="PASS" signature="launchBrowser()[pri:0, instance:poly.test.Account@120d6fe6]" name="launchBrowser" is-config="true" duration-ms="9311" started-at="2020-06-18T19:13:03 ICT" finished-at="2020-06-18T19:13:12 ICT">
          <reporter-output>
          </reporter-output>
        </test-method> <!-- launchBrowser -->
        <test-method status="PASS" signature="ACC05()[pri:0, instance:poly.test.Account@120d6fe6]" name="ACC05" duration-ms="788" started-at="2020-06-18T19:13:43 ICT" finished-at="2020-06-18T19:13:44 ICT">
          <reporter-output>
          </reporter-output>
        </test-method> <!-- ACC05 -->
        <test-method status="PASS" signature="ACC06()[pri:0, instance:poly.test.Account@120d6fe6]" name="ACC06" duration-ms="797" started-at="2020-06-18T19:13:44 ICT" finished-at="2020-06-18T19:13:44 ICT">
          <reporter-output>
          </reporter-output>
        </test-method> <!-- ACC06 -->
        <test-method status="PASS" signature="ACC07()[pri:1, instance:poly.test.Account@120d6fe6]" name="ACC07" duration-ms="2185" started-at="2020-06-18T19:13:44 ICT" finished-at="2020-06-18T19:13:47 ICT">
          <reporter-output>
          </reporter-output>
        </test-method> <!-- ACC07 -->
        <test-method status="PASS" signature="ACC08()[pri:2, instance:poly.test.Account@120d6fe6]" name="ACC08" duration-ms="1652" started-at="2020-06-18T19:13:47 ICT" finished-at="2020-06-18T19:13:48 ICT">
          <reporter-output>
          </reporter-output>
        </test-method> <!-- ACC08 -->
        <test-method status="PASS" signature="ACC09()[pri:3, instance:poly.test.Account@120d6fe6]" name="ACC09" duration-ms="779" started-at="2020-06-18T19:13:48 ICT" finished-at="2020-06-18T19:13:49 ICT">
          <reporter-output>
          </reporter-output>
        </test-method> <!-- ACC09 -->
        <test-method status="PASS" signature="ACC04()[pri:4, instance:poly.test.Account@120d6fe6]" name="ACC04" duration-ms="715" started-at="2020-06-18T19:13:49 ICT" finished-at="2020-06-18T19:13:50 ICT">
          <reporter-output>
          </reporter-output>
        </test-method> <!-- ACC04 -->
        <test-method status="PASS" signature="terminateBrowser()[pri:0, instance:poly.test.Account@120d6fe6]" name="terminateBrowser" is-config="true" duration-ms="4214" started-at="2020-06-18T19:14:20 ICT" finished-at="2020-06-18T19:14:24 ICT">
          <reporter-output>
          </reporter-output>
        </test-method> <!-- terminateBrowser -->
      </class> <!-- poly.test.Account -->
    </test> <!-- Regression suite 1 -->
  </suite> <!-- example suite 1 -->
</testng-results>
